2022-05-25 10:44:11.168 (2022) Trace: Student.update: Error "Student.search: Error domain = undefined"
    at /Users/macbook/Downloads/WorkSpace/Tomaho/backend_basic/addons/base/models/base.js:986:24
2022-05-25 10:44:39.091 (2022) Trace: Student.update: Error "Student.search: Error domain = undefined"
    at /Users/macbook/Downloads/WorkSpace/Tomaho/backend_basic/addons/base/models/base.js:986:24
2022-05-25 10:44:49.765 (2022) Trace: Student.update: Error "Student.search: Error domain = undefined"
    at /Users/macbook/Downloads/WorkSpace/Tomaho/backend_basic/addons/base/models/base.js:986:24
2022-05-25 10:45:06.955 (2022) Trace: Student.update: Error "Student.search: Error domain = undefined"
    at /Users/macbook/Downloads/WorkSpace/Tomaho/backend_basic/addons/base/models/base.js:986:24
2022-05-25 11:07:50.977 (2022) Trace: Student.update: Error "Student.search: Error domain = undefined"
    at /Users/macbook/Downloads/WorkSpace/Tomaho/backend_basic/addons/base/models/base.js:986:24
2022-05-25 11:21:51.868 (2022) Trace: Student.update: Error "Student.search: Error domain = [..._id,in,...]"
    at /Users/macbook/Downloads/WorkSpace/Tomaho/backend_basic/addons/base/models/base.js:986:24
2022-05-25 11:38:51.165 (2022) Trace: Student.update: Error "Student.search: Error domain = undefined"
    at /Users/macbook/Downloads/WorkSpace/Tomaho/backend_basic/addons/base/models/base.js:986:24
2022-05-25 11:40:07.841 (2022) Trace: Student.update: Error "Student.search: Error domain = undefined"
    at /Users/macbook/Downloads/WorkSpace/Tomaho/backend_basic/addons/base/models/base.js:986:24
2022-05-25 11:40:33.348 (2022) Trace: Student.update: Error "Student.search: Error domain = undefined"
    at /Users/macbook/Downloads/WorkSpace/Tomaho/backend_basic/addons/base/models/base.js:986:24
2022-05-25 14:24:35.177 (2022) Trace: Student.create: Error "Student.search: Error domain = [..._id,in,628dd1b36b61df519b6394ba...]"
    at /Users/macbook/Downloads/WorkSpace/Tomaho/backend_basic/addons/base/models/base.js:1192:24
2022-05-25 15:04:06.442 (2022) Trace: Student.create: Error {}
    at /Users/macbook/Downloads/WorkSpace/Tomaho/backend_basic/addons/base/models/base.js:517:24
2022-05-25 15:04:32.032 (2022) Trace: Student.create: Error {}
    at /Users/macbook/Downloads/WorkSpace/Tomaho/backend_basic/addons/base/models/base.js:517:24
2022-05-25 15:04:34.128 (2022) Trace: Student.create: Error {}
    at /Users/macbook/Downloads/WorkSpace/Tomaho/backend_basic/addons/base/models/base.js:517:24
2022-05-25 15:17:10.561 (2022) Trace: Student.create: Error {}
    at /Users/macbook/Downloads/WorkSpace/Tomaho/backend_basic/addons/base/models/base.js:517:24
2022-05-25 15:18:43.702 (2022) Trace: Student.create: Error {}
    at /Users/macbook/Downloads/WorkSpace/Tomaho/backend_basic/addons/base/models/base.js:517:24
2022-05-25 15:19:13.008 (2022) Trace: Student.create: Error {}
    at /Users/macbook/Downloads/WorkSpace/Tomaho/backend_basic/addons/base/models/base.js:517:24
